{"/Users/utkucanozkan/OtherProjects/FEC_main/client/src/index.jsx": {"path":"/Users/utkucanozkan/OtherProjects/FEC_main/client/src/index.jsx","statementMap":{"0":{"start":{"line":22,"column":13},"end":{"line":22,"column":89}},"1":{"start":{"line":24,"column":32},"end":{"line":24,"column":62}},"2":{"start":{"line":40,"column":35},"end":{"line":40,"column":49}},"3":{"start":{"line":41,"column":30},"end":{"line":41,"column":45}},"4":{"start":{"line":43,"column":26},"end":{"line":43,"column":38}},"5":{"start":{"line":44,"column":56},"end":{"line":44,"column":70}},"6":{"start":{"line":46,"column":26},"end":{"line":46,"column":38}},"7":{"start":{"line":49,"column":26},"end":{"line":67,"column":3}},"8":{"start":{"line":50,"column":4},"end":{"line":50,"column":23}},"9":{"start":{"line":51,"column":22},"end":{"line":51,"column":59}},"10":{"start":{"line":52,"column":4},"end":{"line":54,"column":5}},"11":{"start":{"line":53,"column":6},"end":{"line":53,"column":40}},"12":{"start":{"line":55,"column":4},"end":{"line":66,"column":15}},"13":{"start":{"line":58,"column":31},"end":{"line":58,"column":39}},"14":{"start":{"line":59,"column":24},"end":{"line":63,"column":10}},"15":{"start":{"line":60,"column":26},"end":{"line":60,"column":28}},"16":{"start":{"line":61,"column":10},"end":{"line":61,"column":45}},"17":{"start":{"line":62,"column":10},"end":{"line":62,"column":25}},"18":{"start":{"line":64,"column":8},"end":{"line":64,"column":25}},"19":{"start":{"line":69,"column":28},"end":{"line":80,"column":3}},"20":{"start":{"line":70,"column":4},"end":{"line":70,"column":23}},"21":{"start":{"line":72,"column":17},"end":{"line":72,"column":59}},"22":{"start":{"line":73,"column":4},"end":{"line":79,"column":9}},"23":{"start":{"line":75,"column":8},"end":{"line":75,"column":79}},"24":{"start":{"line":78,"column":8},"end":{"line":78,"column":62}},"25":{"start":{"line":82,"column":23},"end":{"line":113,"column":4}},"26":{"start":{"line":83,"column":17},"end":{"line":83,"column":40}},"27":{"start":{"line":84,"column":18},"end":{"line":84,"column":47}},"28":{"start":{"line":85,"column":26},"end":{"line":85,"column":51}},"29":{"start":{"line":87,"column":4},"end":{"line":112,"column":6}},"30":{"start":{"line":100,"column":37},"end":{"line":100,"column":42}},"31":{"start":{"line":101,"column":12},"end":{"line":108,"column":13}},"32":{"start":{"line":102,"column":14},"end":{"line":107,"column":16}},"33":{"start":{"line":116,"column":29},"end":{"line":116,"column":30}},"34":{"start":{"line":117,"column":28},"end":{"line":131,"column":3}},"35":{"start":{"line":118,"column":4},"end":{"line":130,"column":13}},"36":{"start":{"line":119,"column":6},"end":{"line":129,"column":7}},"37":{"start":{"line":120,"column":24},"end":{"line":120,"column":65}},"38":{"start":{"line":121,"column":8},"end":{"line":121,"column":59}},"39":{"start":{"line":122,"column":8},"end":{"line":122,"column":33}},"40":{"start":{"line":123,"column":8},"end":{"line":123,"column":38}},"41":{"start":{"line":125,"column":8},"end":{"line":125,"column":15}},"42":{"start":{"line":127,"column":8},"end":{"line":127,"column":34}},"43":{"start":{"line":128,"column":8},"end":{"line":128,"column":28}},"44":{"start":{"line":134,"column":20},"end":{"line":140,"column":3}},"45":{"start":{"line":135,"column":20},"end":{"line":135,"column":61}},"46":{"start":{"line":136,"column":4},"end":{"line":136,"column":56}},"47":{"start":{"line":137,"column":4},"end":{"line":137,"column":36}},"48":{"start":{"line":138,"column":4},"end":{"line":138,"column":52}},"49":{"start":{"line":139,"column":4},"end":{"line":139,"column":24}},"50":{"start":{"line":144,"column":20},"end":{"line":183,"column":3}},"51":{"start":{"line":146,"column":4},"end":{"line":182,"column":9}},"52":{"start":{"line":149,"column":8},"end":{"line":174,"column":13}},"53":{"start":{"line":152,"column":12},"end":{"line":166,"column":17}},"54":{"start":{"line":155,"column":16},"end":{"line":157,"column":19}},"55":{"start":{"line":158,"column":16},"end":{"line":158,"column":37}},"56":{"start":{"line":161,"column":16},"end":{"line":165,"column":17}},"57":{"start":{"line":162,"column":18},"end":{"line":162,"column":30}},"58":{"start":{"line":164,"column":18},"end":{"line":164,"column":37}},"59":{"start":{"line":169,"column":12},"end":{"line":173,"column":13}},"60":{"start":{"line":170,"column":14},"end":{"line":170,"column":26}},"61":{"start":{"line":172,"column":14},"end":{"line":172,"column":33}},"62":{"start":{"line":177,"column":8},"end":{"line":181,"column":9}},"63":{"start":{"line":178,"column":10},"end":{"line":178,"column":22}},"64":{"start":{"line":180,"column":10},"end":{"line":180,"column":29}},"65":{"start":{"line":186,"column":25},"end":{"line":227,"column":3}},"66":{"start":{"line":187,"column":4},"end":{"line":187,"column":23}},"67":{"start":{"line":192,"column":8},"end":{"line":192,"column":12}},"68":{"start":{"line":193,"column":19},"end":{"line":193,"column":65}},"69":{"start":{"line":195,"column":19},"end":{"line":195,"column":97}},"70":{"start":{"line":196,"column":21},"end":{"line":196,"column":42}},"71":{"start":{"line":197,"column":4},"end":{"line":202,"column":5}},"72":{"start":{"line":197,"column":17},"end":{"line":197,"column":18}},"73":{"start":{"line":198,"column":6},"end":{"line":201,"column":7}},"74":{"start":{"line":199,"column":8},"end":{"line":199,"column":53}},"75":{"start":{"line":200,"column":8},"end":{"line":200,"column":43}},"76":{"start":{"line":203,"column":24},"end":{"line":205,"column":5}},"77":{"start":{"line":207,"column":20},"end":{"line":207,"column":61}},"78":{"start":{"line":208,"column":4},"end":{"line":226,"column":9}},"79":{"start":{"line":210,"column":8},"end":{"line":210,"column":52}},"80":{"start":{"line":211,"column":8},"end":{"line":211,"column":56}},"81":{"start":{"line":212,"column":8},"end":{"line":212,"column":28}},"82":{"start":{"line":213,"column":8},"end":{"line":213,"column":45}},"83":{"start":{"line":217,"column":8},"end":{"line":225,"column":9}},"84":{"start":{"line":218,"column":10},"end":{"line":218,"column":59}},"85":{"start":{"line":219,"column":10},"end":{"line":219,"column":42}},"86":{"start":{"line":220,"column":10},"end":{"line":220,"column":58}},"87":{"start":{"line":221,"column":10},"end":{"line":221,"column":30}},"88":{"start":{"line":222,"column":10},"end":{"line":222,"column":111}},"89":{"start":{"line":224,"column":10},"end":{"line":224,"column":29}},"90":{"start":{"line":229,"column":28},"end":{"line":255,"column":3}},"91":{"start":{"line":230,"column":4},"end":{"line":230,"column":23}},"92":{"start":{"line":231,"column":20},"end":{"line":231,"column":66}},"93":{"start":{"line":232,"column":20},"end":{"line":232,"column":54}},"94":{"start":{"line":233,"column":4},"end":{"line":254,"column":5}},"95":{"start":{"line":234,"column":6},"end":{"line":245,"column":11}},"96":{"start":{"line":237,"column":10},"end":{"line":237,"column":29}},"97":{"start":{"line":240,"column":10},"end":{"line":243,"column":11}},"98":{"start":{"line":242,"column":12},"end":{"line":242,"column":63}},"99":{"start":{"line":244,"column":10},"end":{"line":244,"column":27}},"100":{"start":{"line":247,"column":6},"end":{"line":247,"column":55}},"101":{"start":{"line":248,"column":6},"end":{"line":248,"column":25}},"102":{"start":{"line":249,"column":6},"end":{"line":253,"column":7}},"103":{"start":{"line":250,"column":8},"end":{"line":250,"column":51}},"104":{"start":{"line":252,"column":8},"end":{"line":252,"column":43}},"105":{"start":{"line":257,"column":14},"end":{"line":257,"column":15}},"106":{"start":{"line":258,"column":2},"end":{"line":272,"column":15}},"107":{"start":{"line":259,"column":4},"end":{"line":259,"column":22}},"108":{"start":{"line":261,"column":4},"end":{"line":271,"column":7}},"109":{"start":{"line":262,"column":16},"end":{"line":262,"column":30}},"110":{"start":{"line":263,"column":28},"end":{"line":263,"column":46}},"111":{"start":{"line":264,"column":21},"end":{"line":264,"column":54}},"112":{"start":{"line":265,"column":6},"end":{"line":269,"column":7}},"113":{"start":{"line":266,"column":8},"end":{"line":266,"column":47}},"114":{"start":{"line":267,"column":13},"end":{"line":269,"column":7}},"115":{"start":{"line":268,"column":8},"end":{"line":268,"column":44}},"116":{"start":{"line":270,"column":6},"end":{"line":270,"column":16}},"117":{"start":{"line":274,"column":2},"end":{"line":362,"column":3}},"118":{"start":{"line":275,"column":4},"end":{"line":355,"column":6}},"119":{"start":{"line":295,"column":20},"end":{"line":295,"column":73}},"120":{"start":{"line":296,"column":20},"end":{"line":296,"column":57}},"121":{"start":{"line":297,"column":20},"end":{"line":299,"column":21}},"122":{"start":{"line":298,"column":22},"end":{"line":298,"column":43}},"123":{"start":{"line":324,"column":20},"end":{"line":324,"column":39}},"124":{"start":{"line":325,"column":20},"end":{"line":325,"column":81}},"125":{"start":{"line":333,"column":47},"end":{"line":333,"column":54}},"126":{"start":{"line":357,"column":4},"end":{"line":361,"column":6}},"127":{"start":{"line":366,"column":0},"end":{"line":366,"column":21}}},"fnMap":{"0":{"name":"App","decl":{"start":{"line":38,"column":9},"end":{"line":38,"column":12}},"loc":{"start":{"line":38,"column":15},"end":{"line":363,"column":1}},"line":38},"1":{"name":"(anonymous_1)","decl":{"start":{"line":49,"column":26},"end":{"line":49,"column":27}},"loc":{"start":{"line":49,"column":33},"end":{"line":67,"column":3}},"line":49},"2":{"name":"(anonymous_2)","decl":{"start":{"line":56,"column":12},"end":{"line":56,"column":13}},"loc":{"start":{"line":56,"column":21},"end":{"line":65,"column":7}},"line":56},"3":{"name":"(anonymous_3)","decl":{"start":{"line":59,"column":56},"end":{"line":59,"column":57}},"loc":{"start":{"line":59,"column":65},"end":{"line":63,"column":9}},"line":59},"4":{"name":"(anonymous_4)","decl":{"start":{"line":69,"column":28},"end":{"line":69,"column":29}},"loc":{"start":{"line":69,"column":35},"end":{"line":80,"column":3}},"line":69},"5":{"name":"(anonymous_5)","decl":{"start":{"line":74,"column":12},"end":{"line":74,"column":13}},"loc":{"start":{"line":74,"column":18},"end":{"line":76,"column":7}},"line":74},"6":{"name":"(anonymous_6)","decl":{"start":{"line":77,"column":13},"end":{"line":77,"column":14}},"loc":{"start":{"line":77,"column":22},"end":{"line":79,"column":7}},"line":77},"7":{"name":"(anonymous_7)","decl":{"start":{"line":82,"column":32},"end":{"line":82,"column":33}},"loc":{"start":{"line":82,"column":48},"end":{"line":113,"column":3}},"line":82},"8":{"name":"(anonymous_8)","decl":{"start":{"line":99,"column":21},"end":{"line":99,"column":22}},"loc":{"start":{"line":99,"column":35},"end":{"line":109,"column":11}},"line":99},"9":{"name":"(anonymous_9)","decl":{"start":{"line":117,"column":28},"end":{"line":117,"column":29}},"loc":{"start":{"line":117,"column":34},"end":{"line":131,"column":3}},"line":117},"10":{"name":"(anonymous_10)","decl":{"start":{"line":118,"column":15},"end":{"line":118,"column":16}},"loc":{"start":{"line":118,"column":21},"end":{"line":130,"column":5}},"line":118},"11":{"name":"(anonymous_11)","decl":{"start":{"line":134,"column":20},"end":{"line":134,"column":21}},"loc":{"start":{"line":134,"column":26},"end":{"line":140,"column":3}},"line":134},"12":{"name":"(anonymous_12)","decl":{"start":{"line":144,"column":20},"end":{"line":144,"column":21}},"loc":{"start":{"line":144,"column":28},"end":{"line":183,"column":3}},"line":144},"13":{"name":"(anonymous_13)","decl":{"start":{"line":147,"column":12},"end":{"line":147,"column":13}},"loc":{"start":{"line":147,"column":25},"end":{"line":175,"column":7}},"line":147},"14":{"name":"(anonymous_14)","decl":{"start":{"line":150,"column":16},"end":{"line":150,"column":17}},"loc":{"start":{"line":150,"column":31},"end":{"line":167,"column":11}},"line":150},"15":{"name":"(anonymous_15)","decl":{"start":{"line":153,"column":20},"end":{"line":153,"column":21}},"loc":{"start":{"line":153,"column":36},"end":{"line":159,"column":15}},"line":153},"16":{"name":"(anonymous_16)","decl":{"start":{"line":160,"column":21},"end":{"line":160,"column":22}},"loc":{"start":{"line":160,"column":30},"end":{"line":166,"column":15}},"line":160},"17":{"name":"(anonymous_17)","decl":{"start":{"line":168,"column":17},"end":{"line":168,"column":18}},"loc":{"start":{"line":168,"column":26},"end":{"line":174,"column":11}},"line":168},"18":{"name":"(anonymous_18)","decl":{"start":{"line":176,"column":13},"end":{"line":176,"column":14}},"loc":{"start":{"line":176,"column":22},"end":{"line":182,"column":7}},"line":176},"19":{"name":"(anonymous_19)","decl":{"start":{"line":186,"column":25},"end":{"line":186,"column":26}},"loc":{"start":{"line":186,"column":32},"end":{"line":227,"column":3}},"line":186},"20":{"name":"(anonymous_20)","decl":{"start":{"line":209,"column":12},"end":{"line":209,"column":13}},"loc":{"start":{"line":209,"column":18},"end":{"line":214,"column":7}},"line":209},"21":{"name":"(anonymous_21)","decl":{"start":{"line":215,"column":13},"end":{"line":215,"column":14}},"loc":{"start":{"line":215,"column":22},"end":{"line":226,"column":7}},"line":215},"22":{"name":"(anonymous_22)","decl":{"start":{"line":229,"column":28},"end":{"line":229,"column":29}},"loc":{"start":{"line":229,"column":35},"end":{"line":255,"column":3}},"line":229},"23":{"name":"(anonymous_23)","decl":{"start":{"line":235,"column":14},"end":{"line":235,"column":15}},"loc":{"start":{"line":235,"column":20},"end":{"line":238,"column":9}},"line":235},"24":{"name":"(anonymous_24)","decl":{"start":{"line":239,"column":15},"end":{"line":239,"column":16}},"loc":{"start":{"line":239,"column":24},"end":{"line":245,"column":9}},"line":239},"25":{"name":"(anonymous_25)","decl":{"start":{"line":258,"column":12},"end":{"line":258,"column":13}},"loc":{"start":{"line":258,"column":18},"end":{"line":272,"column":3}},"line":258},"26":{"name":"(anonymous_26)","decl":{"start":{"line":261,"column":38},"end":{"line":261,"column":39}},"loc":{"start":{"line":261,"column":44},"end":{"line":271,"column":5}},"line":261},"27":{"name":"(anonymous_27)","decl":{"start":{"line":294,"column":30},"end":{"line":294,"column":31}},"loc":{"start":{"line":294,"column":37},"end":{"line":300,"column":19}},"line":294},"28":{"name":"(anonymous_28)","decl":{"start":{"line":323,"column":27},"end":{"line":323,"column":28}},"loc":{"start":{"line":323,"column":34},"end":{"line":326,"column":19}},"line":323},"29":{"name":"(anonymous_29)","decl":{"start":{"line":333,"column":34},"end":{"line":333,"column":35}},"loc":{"start":{"line":333,"column":47},"end":{"line":333,"column":54}},"line":333}},"branchMap":{"0":{"loc":{"start":{"line":22,"column":24},"end":{"line":22,"column":88}},"type":"binary-expr","locations":[{"start":{"line":22,"column":24},"end":{"line":22,"column":55}},{"start":{"line":22,"column":59},"end":{"line":22,"column":88}}],"line":22},"1":{"loc":{"start":{"line":52,"column":4},"end":{"line":54,"column":5}},"type":"if","locations":[{"start":{"line":52,"column":4},"end":{"line":54,"column":5}},{"start":{},"end":{}}],"line":52},"2":{"loc":{"start":{"line":101,"column":12},"end":{"line":108,"column":13}},"type":"if","locations":[{"start":{"line":101,"column":12},"end":{"line":108,"column":13}},{"start":{},"end":{}}],"line":101},"3":{"loc":{"start":{"line":119,"column":6},"end":{"line":129,"column":7}},"type":"if","locations":[{"start":{"line":119,"column":6},"end":{"line":129,"column":7}},{"start":{"line":126,"column":13},"end":{"line":129,"column":7}}],"line":119},"4":{"loc":{"start":{"line":161,"column":16},"end":{"line":165,"column":17}},"type":"if","locations":[{"start":{"line":161,"column":16},"end":{"line":165,"column":17}},{"start":{"line":163,"column":23},"end":{"line":165,"column":17}}],"line":161},"5":{"loc":{"start":{"line":169,"column":12},"end":{"line":173,"column":13}},"type":"if","locations":[{"start":{"line":169,"column":12},"end":{"line":173,"column":13}},{"start":{"line":171,"column":19},"end":{"line":173,"column":13}}],"line":169},"6":{"loc":{"start":{"line":177,"column":8},"end":{"line":181,"column":9}},"type":"if","locations":[{"start":{"line":177,"column":8},"end":{"line":181,"column":9}},{"start":{"line":179,"column":15},"end":{"line":181,"column":9}}],"line":177},"7":{"loc":{"start":{"line":195,"column":19},"end":{"line":195,"column":97}},"type":"binary-expr","locations":[{"start":{"line":195,"column":19},"end":{"line":195,"column":54}},{"start":{"line":195,"column":58},"end":{"line":195,"column":97}}],"line":195},"8":{"loc":{"start":{"line":198,"column":6},"end":{"line":201,"column":7}},"type":"if","locations":[{"start":{"line":198,"column":6},"end":{"line":201,"column":7}},{"start":{},"end":{}}],"line":198},"9":{"loc":{"start":{"line":198,"column":10},"end":{"line":198,"column":70}},"type":"binary-expr","locations":[{"start":{"line":198,"column":10},"end":{"line":198,"column":31}},{"start":{"line":198,"column":35},"end":{"line":198,"column":70}}],"line":198},"10":{"loc":{"start":{"line":217,"column":8},"end":{"line":225,"column":9}},"type":"if","locations":[{"start":{"line":217,"column":8},"end":{"line":225,"column":9}},{"start":{"line":223,"column":15},"end":{"line":225,"column":9}}],"line":217},"11":{"loc":{"start":{"line":233,"column":4},"end":{"line":254,"column":5}},"type":"if","locations":[{"start":{"line":233,"column":4},"end":{"line":254,"column":5}},{"start":{"line":246,"column":11},"end":{"line":254,"column":5}}],"line":233},"12":{"loc":{"start":{"line":233,"column":8},"end":{"line":233,"column":39}},"type":"binary-expr","locations":[{"start":{"line":233,"column":8},"end":{"line":233,"column":17}},{"start":{"line":233,"column":21},"end":{"line":233,"column":39}}],"line":233},"13":{"loc":{"start":{"line":240,"column":10},"end":{"line":243,"column":11}},"type":"if","locations":[{"start":{"line":240,"column":10},"end":{"line":243,"column":11}},{"start":{},"end":{}}],"line":240},"14":{"loc":{"start":{"line":249,"column":6},"end":{"line":253,"column":7}},"type":"if","locations":[{"start":{"line":249,"column":6},"end":{"line":253,"column":7}},{"start":{"line":251,"column":13},"end":{"line":253,"column":7}}],"line":249},"15":{"loc":{"start":{"line":265,"column":6},"end":{"line":269,"column":7}},"type":"if","locations":[{"start":{"line":265,"column":6},"end":{"line":269,"column":7}},{"start":{"line":267,"column":13},"end":{"line":269,"column":7}}],"line":265},"16":{"loc":{"start":{"line":265,"column":10},"end":{"line":265,"column":41}},"type":"binary-expr","locations":[{"start":{"line":265,"column":10},"end":{"line":265,"column":28}},{"start":{"line":265,"column":32},"end":{"line":265,"column":41}}],"line":265},"17":{"loc":{"start":{"line":267,"column":13},"end":{"line":269,"column":7}},"type":"if","locations":[{"start":{"line":267,"column":13},"end":{"line":269,"column":7}},{"start":{},"end":{}}],"line":267},"18":{"loc":{"start":{"line":274,"column":2},"end":{"line":362,"column":3}},"type":"if","locations":[{"start":{"line":274,"column":2},"end":{"line":362,"column":3}},{"start":{"line":356,"column":9},"end":{"line":362,"column":3}}],"line":274},"19":{"loc":{"start":{"line":297,"column":20},"end":{"line":299,"column":21}},"type":"if","locations":[{"start":{"line":297,"column":20},"end":{"line":299,"column":21}},{"start":{},"end":{}}],"line":297}},"s":{"0":1,"1":1,"2":4,"3":4,"4":4,"5":4,"6":4,"7":4,"8":0,"9":0,"10":0,"11":0,"12":0,"13":0,"14":0,"15":0,"16":0,"17":0,"18":0,"19":4,"20":0,"21":0,"22":0,"23":0,"24":0,"25":4,"26":0,"27":0,"28":0,"29":0,"30":0,"31":0,"32":0,"33":4,"34":4,"35":0,"36":0,"37":0,"38":0,"39":0,"40":0,"41":0,"42":0,"43":0,"44":4,"45":0,"46":0,"47":0,"48":0,"49":0,"50":4,"51":2,"52":2,"53":2,"54":2,"55":2,"56":0,"57":0,"58":0,"59":0,"60":0,"61":0,"62":0,"63":0,"64":0,"65":4,"66":0,"67":0,"68":0,"69":0,"70":0,"71":0,"72":0,"73":0,"74":0,"75":0,"76":0,"77":0,"78":0,"79":0,"80":0,"81":0,"82":0,"83":0,"84":0,"85":0,"86":0,"87":0,"88":0,"89":0,"90":4,"91":0,"92":0,"93":0,"94":0,"95":0,"96":0,"97":0,"98":0,"99":0,"100":0,"101":0,"102":0,"103":0,"104":0,"105":4,"106":4,"107":2,"108":2,"109":0,"110":0,"111":0,"112":0,"113":0,"114":0,"115":0,"116":0,"117":4,"118":2,"119":0,"120":0,"121":0,"122":0,"123":0,"124":0,"125":0,"126":2,"127":1},"f":{"0":4,"1":0,"2":0,"3":0,"4":0,"5":0,"6":0,"7":0,"8":0,"9":0,"10":0,"11":0,"12":2,"13":2,"14":2,"15":2,"16":0,"17":0,"18":0,"19":0,"20":0,"21":0,"22":0,"23":0,"24":0,"25":2,"26":0,"27":0,"28":0,"29":0},"b":{"0":[1,1],"1":[0,0],"2":[0,0],"3":[0,0],"4":[0,0],"5":[0,0],"6":[0,0],"7":[0,0],"8":[0,0],"9":[0,0],"10":[0,0],"11":[0,0],"12":[0,0],"13":[0,0],"14":[0,0],"15":[0,0],"16":[0,0],"17":[0,0],"18":[2,2],"19":[0,0]},"_coverageSchema":"1a1c01bbd47fc00a2c39e90264f33305004495a9","hash":"a1d0611c2a1b8278bc86e8be2dab99f6aed7ed35"}
,"/Users/utkucanozkan/OtherProjects/FEC_main/client/src/q-a/QuestionAndAnswers.jsx": {"path":"/Users/utkucanozkan/OtherProjects/FEC_main/client/src/q-a/QuestionAndAnswers.jsx","statementMap":{"0":{"start":{"line":23,"column":27},"end":{"line":23,"column":55}},"1":{"start":{"line":24,"column":48},"end":{"line":24,"column":63}},"2":{"start":{"line":25,"column":40},"end":{"line":25,"column":52}},"3":{"start":{"line":26,"column":44},"end":{"line":26,"column":56}},"4":{"start":{"line":27,"column":35},"end":{"line":27,"column":49}},"5":{"start":{"line":28,"column":38},"end":{"line":28,"column":62}},"6":{"start":{"line":29,"column":44},"end":{"line":29,"column":61}},"7":{"start":{"line":30,"column":40},"end":{"line":30,"column":55}},"8":{"start":{"line":31,"column":44},"end":{"line":31,"column":55}},"9":{"start":{"line":32,"column":44},"end":{"line":32,"column":58}},"10":{"start":{"line":33,"column":38},"end":{"line":33,"column":49}},"11":{"start":{"line":35,"column":2},"end":{"line":56,"column":15}},"12":{"start":{"line":37,"column":4},"end":{"line":55,"column":40}},"13":{"start":{"line":38,"column":6},"end":{"line":38,"column":26}},"14":{"start":{"line":39,"column":6},"end":{"line":44,"column":9}},"15":{"start":{"line":40,"column":8},"end":{"line":43,"column":9}},"16":{"start":{"line":42,"column":10},"end":{"line":42,"column":40}},"17":{"start":{"line":45,"column":6},"end":{"line":45,"column":44}},"18":{"start":{"line":47,"column":6},"end":{"line":47,"column":27}},"19":{"start":{"line":48,"column":6},"end":{"line":48,"column":76}},"20":{"start":{"line":49,"column":6},"end":{"line":49,"column":50}},"21":{"start":{"line":52,"column":6},"end":{"line":52,"column":23}},"22":{"start":{"line":55,"column":22},"end":{"line":55,"column":38}},"23":{"start":{"line":58,"column":2},"end":{"line":68,"column":26}},"24":{"start":{"line":60,"column":4},"end":{"line":67,"column":5}},"25":{"start":{"line":61,"column":6},"end":{"line":61,"column":112}},"26":{"start":{"line":61,"column":52},"end":{"line":61,"column":110}},"27":{"start":{"line":62,"column":6},"end":{"line":62,"column":42}},"28":{"start":{"line":63,"column":6},"end":{"line":63,"column":31}},"29":{"start":{"line":65,"column":6},"end":{"line":65,"column":25}},"30":{"start":{"line":66,"column":6},"end":{"line":66,"column":32}},"31":{"start":{"line":70,"column":2},"end":{"line":72,"column":22}},"32":{"start":{"line":71,"column":4},"end":{"line":71,"column":74}},"33":{"start":{"line":74,"column":23},"end":{"line":76,"column":3}},"34":{"start":{"line":75,"column":4},"end":{"line":75,"column":61}},"35":{"start":{"line":77,"column":20},"end":{"line":79,"column":3}},"36":{"start":{"line":78,"column":4},"end":{"line":78,"column":29}},"37":{"start":{"line":81,"column":20},"end":{"line":83,"column":3}},"38":{"start":{"line":82,"column":4},"end":{"line":82,"column":30}},"39":{"start":{"line":84,"column":30},"end":{"line":91,"column":3}},"40":{"start":{"line":85,"column":4},"end":{"line":85,"column":41}},"41":{"start":{"line":85,"column":31},"end":{"line":85,"column":39}},"42":{"start":{"line":86,"column":4},"end":{"line":90,"column":7}},"43":{"start":{"line":87,"column":6},"end":{"line":89,"column":7}},"44":{"start":{"line":88,"column":8},"end":{"line":88,"column":17}},"45":{"start":{"line":93,"column":2},"end":{"line":160,"column":3}},"46":{"start":{"line":94,"column":4},"end":{"line":153,"column":6}},"47":{"start":{"line":100,"column":35},"end":{"line":100,"column":53}},"48":{"start":{"line":108,"column":33},"end":{"line":108,"column":48}},"49":{"start":{"line":119,"column":14},"end":{"line":119,"column":70}},"50":{"start":{"line":125,"column":14},"end":{"line":125,"column":70}},"51":{"start":{"line":155,"column":4},"end":{"line":159,"column":6}}},"fnMap":{"0":{"name":"QuestionsAndAnswers","decl":{"start":{"line":19,"column":9},"end":{"line":19,"column":28}},"loc":{"start":{"line":19,"column":31},"end":{"line":161,"column":1}},"line":19},"1":{"name":"(anonymous_1)","decl":{"start":{"line":35,"column":12},"end":{"line":35,"column":13}},"loc":{"start":{"line":35,"column":18},"end":{"line":56,"column":3}},"line":35},"2":{"name":"(anonymous_2)","decl":{"start":{"line":37,"column":43},"end":{"line":37,"column":44}},"loc":{"start":{"line":37,"column":58},"end":{"line":53,"column":5}},"line":37},"3":{"name":"(anonymous_3)","decl":{"start":{"line":39,"column":37},"end":{"line":39,"column":38}},"loc":{"start":{"line":39,"column":51},"end":{"line":44,"column":7}},"line":39},"4":{"name":"(anonymous_4)","decl":{"start":{"line":55,"column":13},"end":{"line":55,"column":14}},"loc":{"start":{"line":55,"column":22},"end":{"line":55,"column":38}},"line":55},"5":{"name":"(anonymous_5)","decl":{"start":{"line":58,"column":12},"end":{"line":58,"column":13}},"loc":{"start":{"line":58,"column":18},"end":{"line":68,"column":3}},"line":58},"6":{"name":"(anonymous_6)","decl":{"start":{"line":61,"column":44},"end":{"line":61,"column":45}},"loc":{"start":{"line":61,"column":52},"end":{"line":61,"column":110}},"line":61},"7":{"name":"(anonymous_7)","decl":{"start":{"line":70,"column":12},"end":{"line":70,"column":13}},"loc":{"start":{"line":70,"column":18},"end":{"line":72,"column":3}},"line":70},"8":{"name":"(anonymous_8)","decl":{"start":{"line":74,"column":23},"end":{"line":74,"column":24}},"loc":{"start":{"line":74,"column":36},"end":{"line":76,"column":3}},"line":74},"9":{"name":"(anonymous_9)","decl":{"start":{"line":77,"column":20},"end":{"line":77,"column":21}},"loc":{"start":{"line":77,"column":26},"end":{"line":79,"column":3}},"line":77},"10":{"name":"(anonymous_10)","decl":{"start":{"line":81,"column":20},"end":{"line":81,"column":21}},"loc":{"start":{"line":81,"column":26},"end":{"line":83,"column":3}},"line":81},"11":{"name":"(anonymous_11)","decl":{"start":{"line":84,"column":30},"end":{"line":84,"column":31}},"loc":{"start":{"line":84,"column":36},"end":{"line":91,"column":3}},"line":84},"12":{"name":"(anonymous_12)","decl":{"start":{"line":85,"column":21},"end":{"line":85,"column":22}},"loc":{"start":{"line":85,"column":31},"end":{"line":85,"column":39}},"line":85},"13":{"name":"(anonymous_13)","decl":{"start":{"line":86,"column":18},"end":{"line":86,"column":19}},"loc":{"start":{"line":86,"column":28},"end":{"line":90,"column":5}},"line":86},"14":{"name":"(anonymous_14)","decl":{"start":{"line":100,"column":28},"end":{"line":100,"column":29}},"loc":{"start":{"line":100,"column":35},"end":{"line":100,"column":53}},"line":100},"15":{"name":"(anonymous_15)","decl":{"start":{"line":108,"column":26},"end":{"line":108,"column":27}},"loc":{"start":{"line":108,"column":33},"end":{"line":108,"column":48}},"line":108},"16":{"name":"(anonymous_16)","decl":{"start":{"line":118,"column":41},"end":{"line":118,"column":42}},"loc":{"start":{"line":119,"column":14},"end":{"line":119,"column":70}},"line":119},"17":{"name":"(anonymous_17)","decl":{"start":{"line":124,"column":52},"end":{"line":124,"column":53}},"loc":{"start":{"line":125,"column":14},"end":{"line":125,"column":70}},"line":125}},"branchMap":{"0":{"loc":{"start":{"line":40,"column":8},"end":{"line":43,"column":9}},"type":"if","locations":[{"start":{"line":40,"column":8},"end":{"line":43,"column":9}},{"start":{},"end":{}}],"line":40},"1":{"loc":{"start":{"line":48,"column":6},"end":{"line":48,"column":75}},"type":"cond-expr","locations":[{"start":{"line":48,"column":31},"end":{"line":48,"column":51}},{"start":{"line":48,"column":54},"end":{"line":48,"column":75}}],"line":48},"2":{"loc":{"start":{"line":60,"column":4},"end":{"line":67,"column":5}},"type":"if","locations":[{"start":{"line":60,"column":4},"end":{"line":67,"column":5}},{"start":{"line":64,"column":11},"end":{"line":67,"column":5}}],"line":60},"3":{"loc":{"start":{"line":71,"column":4},"end":{"line":71,"column":73}},"type":"cond-expr","locations":[{"start":{"line":71,"column":25},"end":{"line":71,"column":47}},{"start":{"line":71,"column":50},"end":{"line":71,"column":73}}],"line":71},"4":{"loc":{"start":{"line":87,"column":6},"end":{"line":89,"column":7}},"type":"if","locations":[{"start":{"line":87,"column":6},"end":{"line":89,"column":7}},{"start":{},"end":{}}],"line":87},"5":{"loc":{"start":{"line":93,"column":2},"end":{"line":160,"column":3}},"type":"if","locations":[{"start":{"line":93,"column":2},"end":{"line":160,"column":3}},{"start":{"line":154,"column":9},"end":{"line":160,"column":3}}],"line":93},"6":{"loc":{"start":{"line":114,"column":11},"end":{"line":114,"column":163}},"type":"cond-expr","locations":[{"start":{"line":114,"column":25},"end":{"line":114,"column":156}},{"start":{"line":114,"column":159},"end":{"line":114,"column":163}}],"line":114},"7":{"loc":{"start":{"line":116,"column":9},"end":{"line":128,"column":9}},"type":"cond-expr","locations":[{"start":{"line":117,"column":10},"end":{"line":121,"column":16}},{"start":{"line":123,"column":10},"end":{"line":127,"column":16}}],"line":116},"8":{"loc":{"start":{"line":131,"column":13},"end":{"line":131,"column":128}},"type":"binary-expr","locations":[{"start":{"line":131,"column":13},"end":{"line":131,"column":26}},{"start":{"line":131,"column":30},"end":{"line":131,"column":128}}],"line":131}},"s":{"0":5,"1":5,"2":5,"3":5,"4":5,"5":5,"6":5,"7":5,"8":5,"9":5,"10":5,"11":5,"12":2,"13":1,"14":1,"15":33,"16":5,"17":1,"18":1,"19":1,"20":1,"21":1,"22":0,"23":5,"24":2,"25":0,"26":0,"27":0,"28":0,"29":2,"30":2,"31":5,"32":3,"33":5,"34":0,"35":5,"36":0,"37":5,"38":0,"39":5,"40":0,"41":0,"42":0,"43":0,"44":0,"45":5,"46":1,"47":0,"48":0,"49":0,"50":2,"51":4},"f":{"0":5,"1":2,"2":1,"3":33,"4":0,"5":2,"6":0,"7":3,"8":0,"9":0,"10":0,"11":0,"12":0,"13":0,"14":0,"15":0,"16":0,"17":2},"b":{"0":[5,28],"1":[0,1],"2":[0,2],"3":[1,2],"4":[0,0],"5":[1,4],"6":[0,1],"7":[0,1],"8":[1,0]},"_coverageSchema":"1a1c01bbd47fc00a2c39e90264f33305004495a9","hash":"b26b36ec5ae32fd9cfc4af11bf7e724771f35567"}
,"/Users/utkucanozkan/OtherProjects/FEC_main/client/src/q-a/QuestionList.jsx": {"path":"/Users/utkucanozkan/OtherProjects/FEC_main/client/src/q-a/QuestionList.jsx","statementMap":{"0":{"start":{"line":20,"column":36},"end":{"line":20,"column":48}},"1":{"start":{"line":21,"column":35},"end":{"line":21,"column":49}},"2":{"start":{"line":22,"column":46},"end":{"line":22,"column":61}},"3":{"start":{"line":23,"column":48},"end":{"line":23,"column":63}},"4":{"start":{"line":24,"column":44},"end":{"line":24,"column":61}},"5":{"start":{"line":25,"column":46},"end":{"line":25,"column":61}},"6":{"start":{"line":26,"column":46},"end":{"line":26,"column":61}},"7":{"start":{"line":27,"column":48},"end":{"line":27,"column":63}},"8":{"start":{"line":28,"column":40},"end":{"line":28,"column":96}},"9":{"start":{"line":29,"column":36},"end":{"line":29,"column":51}},"10":{"start":{"line":31,"column":2},"end":{"line":53,"column":35}},"11":{"start":{"line":32,"column":4},"end":{"line":52,"column":40}},"12":{"start":{"line":35,"column":8},"end":{"line":49,"column":9}},"13":{"start":{"line":36,"column":33},"end":{"line":39,"column":16}},"14":{"start":{"line":37,"column":12},"end":{"line":37,"column":101}},"15":{"start":{"line":38,"column":12},"end":{"line":38,"column":23}},"16":{"start":{"line":40,"column":10},"end":{"line":40,"column":39}},"17":{"start":{"line":41,"column":10},"end":{"line":41,"column":31}},"18":{"start":{"line":42,"column":10},"end":{"line":42,"column":35}},"19":{"start":{"line":43,"column":10},"end":{"line":43,"column":35}},"20":{"start":{"line":44,"column":10},"end":{"line":44,"column":36}},"21":{"start":{"line":45,"column":10},"end":{"line":45,"column":35}},"22":{"start":{"line":46,"column":10},"end":{"line":46,"column":36}},"23":{"start":{"line":47,"column":10},"end":{"line":47,"column":30}},"24":{"start":{"line":48,"column":10},"end":{"line":48,"column":73}},"25":{"start":{"line":52,"column":22},"end":{"line":52,"column":38}},"26":{"start":{"line":56,"column":21},"end":{"line":56,"column":43}},"27":{"start":{"line":57,"column":4},"end":{"line":61,"column":40}},"28":{"start":{"line":60,"column":18},"end":{"line":60,"column":48}},"29":{"start":{"line":61,"column":22},"end":{"line":61,"column":38}},"30":{"start":{"line":64,"column":21},"end":{"line":64,"column":43}},"31":{"start":{"line":65,"column":4},"end":{"line":69,"column":40}},"32":{"start":{"line":68,"column":18},"end":{"line":68,"column":48}},"33":{"start":{"line":69,"column":22},"end":{"line":69,"column":38}},"34":{"start":{"line":72,"column":4},"end":{"line":72,"column":21}},"35":{"start":{"line":73,"column":21},"end":{"line":73,"column":34}},"36":{"start":{"line":74,"column":4},"end":{"line":78,"column":40}},"37":{"start":{"line":77,"column":18},"end":{"line":77,"column":47}},"38":{"start":{"line":78,"column":22},"end":{"line":78,"column":38}},"39":{"start":{"line":81,"column":4},"end":{"line":81,"column":21}},"40":{"start":{"line":82,"column":21},"end":{"line":82,"column":34}},"41":{"start":{"line":83,"column":4},"end":{"line":87,"column":40}},"42":{"start":{"line":86,"column":18},"end":{"line":86,"column":47}},"43":{"start":{"line":87,"column":22},"end":{"line":87,"column":38}},"44":{"start":{"line":90,"column":23},"end":{"line":90,"column":49}},"45":{"start":{"line":91,"column":4},"end":{"line":95,"column":40}},"46":{"start":{"line":94,"column":18},"end":{"line":94,"column":49}},"47":{"start":{"line":95,"column":22},"end":{"line":95,"column":38}},"48":{"start":{"line":97,"column":20},"end":{"line":99,"column":3}},"49":{"start":{"line":98,"column":4},"end":{"line":98,"column":29}},"50":{"start":{"line":101,"column":20},"end":{"line":103,"column":3}},"51":{"start":{"line":102,"column":4},"end":{"line":102,"column":30}},"52":{"start":{"line":105,"column":24},"end":{"line":108,"column":3}},"53":{"start":{"line":106,"column":4},"end":{"line":106,"column":26}},"54":{"start":{"line":107,"column":4},"end":{"line":107,"column":23}},"55":{"start":{"line":110,"column":2},"end":{"line":278,"column":3}},"56":{"start":{"line":111,"column":4},"end":{"line":272,"column":6}},"57":{"start":{"line":131,"column":10},"end":{"line":131,"column":28}},"58":{"start":{"line":161,"column":12},"end":{"line":161,"column":52}},"59":{"start":{"line":180,"column":13},"end":{"line":180,"column":41}},"60":{"start":{"line":208,"column":76},"end":{"line":208,"column":91}},"61":{"start":{"line":220,"column":20},"end":{"line":220,"column":60}},"62":{"start":{"line":239,"column":24},"end":{"line":239,"column":55}},"63":{"start":{"line":275,"column":4},"end":{"line":277,"column":15}}},"fnMap":{"0":{"name":"QuestionList","decl":{"start":{"line":19,"column":9},"end":{"line":19,"column":21}},"loc":{"start":{"line":19,"column":29},"end":{"line":279,"column":1}},"line":19},"1":{"name":"(anonymous_1)","decl":{"start":{"line":31,"column":12},"end":{"line":31,"column":13}},"loc":{"start":{"line":31,"column":18},"end":{"line":53,"column":3}},"line":31},"2":{"name":"(anonymous_2)","decl":{"start":{"line":34,"column":12},"end":{"line":34,"column":13}},"loc":{"start":{"line":34,"column":24},"end":{"line":50,"column":7}},"line":34},"3":{"name":"(anonymous_3)","decl":{"start":{"line":36,"column":60},"end":{"line":36,"column":61}},"loc":{"start":{"line":36,"column":77},"end":{"line":39,"column":11}},"line":36},"4":{"name":"(anonymous_4)","decl":{"start":{"line":52,"column":13},"end":{"line":52,"column":14}},"loc":{"start":{"line":52,"column":22},"end":{"line":52,"column":38}},"line":52},"5":{"name":"reportAnswer","decl":{"start":{"line":55,"column":11},"end":{"line":55,"column":23}},"loc":{"start":{"line":55,"column":26},"end":{"line":62,"column":3}},"line":55},"6":{"name":"(anonymous_6)","decl":{"start":{"line":60,"column":12},"end":{"line":60,"column":13}},"loc":{"start":{"line":60,"column":18},"end":{"line":60,"column":48}},"line":60},"7":{"name":"(anonymous_7)","decl":{"start":{"line":61,"column":13},"end":{"line":61,"column":14}},"loc":{"start":{"line":61,"column":22},"end":{"line":61,"column":38}},"line":61},"8":{"name":"reportAnswerDos","decl":{"start":{"line":63,"column":11},"end":{"line":63,"column":26}},"loc":{"start":{"line":63,"column":29},"end":{"line":70,"column":3}},"line":63},"9":{"name":"(anonymous_9)","decl":{"start":{"line":68,"column":12},"end":{"line":68,"column":13}},"loc":{"start":{"line":68,"column":18},"end":{"line":68,"column":48}},"line":68},"10":{"name":"(anonymous_10)","decl":{"start":{"line":69,"column":13},"end":{"line":69,"column":14}},"loc":{"start":{"line":69,"column":22},"end":{"line":69,"column":38}},"line":69},"11":{"name":"helpfulAnswer","decl":{"start":{"line":71,"column":11},"end":{"line":71,"column":24}},"loc":{"start":{"line":71,"column":30},"end":{"line":79,"column":3}},"line":71},"12":{"name":"(anonymous_12)","decl":{"start":{"line":77,"column":12},"end":{"line":77,"column":13}},"loc":{"start":{"line":77,"column":18},"end":{"line":77,"column":47}},"line":77},"13":{"name":"(anonymous_13)","decl":{"start":{"line":78,"column":13},"end":{"line":78,"column":14}},"loc":{"start":{"line":78,"column":22},"end":{"line":78,"column":38}},"line":78},"14":{"name":"helpfulAnswerDos","decl":{"start":{"line":80,"column":11},"end":{"line":80,"column":27}},"loc":{"start":{"line":80,"column":33},"end":{"line":88,"column":3}},"line":80},"15":{"name":"(anonymous_15)","decl":{"start":{"line":86,"column":12},"end":{"line":86,"column":13}},"loc":{"start":{"line":86,"column":18},"end":{"line":86,"column":47}},"line":86},"16":{"name":"(anonymous_16)","decl":{"start":{"line":87,"column":13},"end":{"line":87,"column":14}},"loc":{"start":{"line":87,"column":22},"end":{"line":87,"column":38}},"line":87},"17":{"name":"helpfulQuestion","decl":{"start":{"line":89,"column":11},"end":{"line":89,"column":26}},"loc":{"start":{"line":89,"column":29},"end":{"line":96,"column":3}},"line":89},"18":{"name":"(anonymous_18)","decl":{"start":{"line":94,"column":12},"end":{"line":94,"column":13}},"loc":{"start":{"line":94,"column":18},"end":{"line":94,"column":49}},"line":94},"19":{"name":"(anonymous_19)","decl":{"start":{"line":95,"column":13},"end":{"line":95,"column":14}},"loc":{"start":{"line":95,"column":22},"end":{"line":95,"column":38}},"line":95},"20":{"name":"(anonymous_20)","decl":{"start":{"line":97,"column":20},"end":{"line":97,"column":21}},"loc":{"start":{"line":97,"column":26},"end":{"line":99,"column":3}},"line":97},"21":{"name":"(anonymous_21)","decl":{"start":{"line":101,"column":20},"end":{"line":101,"column":21}},"loc":{"start":{"line":101,"column":26},"end":{"line":103,"column":3}},"line":101},"22":{"name":"(anonymous_22)","decl":{"start":{"line":105,"column":24},"end":{"line":105,"column":25}},"loc":{"start":{"line":105,"column":30},"end":{"line":108,"column":3}},"line":105},"23":{"name":"(anonymous_23)","decl":{"start":{"line":130,"column":25},"end":{"line":130,"column":26}},"loc":{"start":{"line":130,"column":31},"end":{"line":132,"column":17}},"line":130},"24":{"name":"(anonymous_24)","decl":{"start":{"line":160,"column":35},"end":{"line":160,"column":36}},"loc":{"start":{"line":161,"column":12},"end":{"line":161,"column":52}},"line":161},"25":{"name":"(anonymous_25)","decl":{"start":{"line":179,"column":23},"end":{"line":179,"column":24}},"loc":{"start":{"line":179,"column":29},"end":{"line":181,"column":15}},"line":179},"26":{"name":"(anonymous_26)","decl":{"start":{"line":208,"column":70},"end":{"line":208,"column":71}},"loc":{"start":{"line":208,"column":76},"end":{"line":208,"column":91}},"line":208},"27":{"name":"(anonymous_27)","decl":{"start":{"line":219,"column":43},"end":{"line":219,"column":44}},"loc":{"start":{"line":220,"column":20},"end":{"line":220,"column":60}},"line":220},"28":{"name":"(anonymous_28)","decl":{"start":{"line":238,"column":31},"end":{"line":238,"column":32}},"loc":{"start":{"line":238,"column":37},"end":{"line":240,"column":23}},"line":238}},"branchMap":{"0":{"loc":{"start":{"line":35,"column":8},"end":{"line":49,"column":9}},"type":"if","locations":[{"start":{"line":35,"column":8},"end":{"line":49,"column":9}},{"start":{},"end":{}}],"line":35},"1":{"loc":{"start":{"line":37,"column":12},"end":{"line":37,"column":100}},"type":"cond-expr","locations":[{"start":{"line":37,"column":62},"end":{"line":37,"column":81}},{"start":{"line":37,"column":84},"end":{"line":37,"column":100}}],"line":37},"2":{"loc":{"start":{"line":110,"column":2},"end":{"line":278,"column":3}},"type":"if","locations":[{"start":{"line":110,"column":2},"end":{"line":278,"column":3}},{"start":{"line":274,"column":9},"end":{"line":278,"column":3}}],"line":110},"3":{"loc":{"start":{"line":122,"column":13},"end":{"line":143,"column":13}},"type":"cond-expr","locations":[{"start":{"line":123,"column":14},"end":{"line":125,"column":21}},{"start":{"line":127,"column":14},"end":{"line":142,"column":23}}],"line":122},"4":{"loc":{"start":{"line":168,"column":19},"end":{"line":168,"column":154}},"type":"cond-expr","locations":[{"start":{"line":168,"column":75},"end":{"line":168,"column":118}},{"start":{"line":168,"column":121},"end":{"line":168,"column":154}}],"line":168},"5":{"loc":{"start":{"line":171,"column":11},"end":{"line":191,"column":11}},"type":"cond-expr","locations":[{"start":{"line":172,"column":12},"end":{"line":174,"column":19}},{"start":{"line":176,"column":12},"end":{"line":190,"column":21}}],"line":171},"6":{"loc":{"start":{"line":193,"column":11},"end":{"line":205,"column":11}},"type":"cond-expr","locations":[{"start":{"line":194,"column":12},"end":{"line":196,"column":21}},{"start":{"line":198,"column":12},"end":{"line":204,"column":21}}],"line":193},"7":{"loc":{"start":{"line":208,"column":11},"end":{"line":208,"column":126}},"type":"cond-expr","locations":[{"start":{"line":208,"column":25},"end":{"line":208,"column":119}},{"start":{"line":208,"column":122},"end":{"line":208,"column":126}}],"line":208},"8":{"loc":{"start":{"line":211,"column":11},"end":{"line":269,"column":18}},"type":"cond-expr","locations":[{"start":{"line":213,"column":14},"end":{"line":266,"column":17}},{"start":{"line":269,"column":14},"end":{"line":269,"column":18}}],"line":211},"9":{"loc":{"start":{"line":227,"column":27},"end":{"line":227,"column":162}},"type":"cond-expr","locations":[{"start":{"line":227,"column":83},"end":{"line":227,"column":126}},{"start":{"line":227,"column":129},"end":{"line":227,"column":162}}],"line":227},"10":{"loc":{"start":{"line":230,"column":19},"end":{"line":250,"column":19}},"type":"cond-expr","locations":[{"start":{"line":231,"column":20},"end":{"line":233,"column":27}},{"start":{"line":235,"column":20},"end":{"line":249,"column":29}}],"line":230},"11":{"loc":{"start":{"line":252,"column":19},"end":{"line":264,"column":19}},"type":"cond-expr","locations":[{"start":{"line":253,"column":20},"end":{"line":255,"column":29}},{"start":{"line":257,"column":20},"end":{"line":263,"column":29}}],"line":252}},"s":{"0":2,"1":2,"2":2,"3":2,"4":2,"5":2,"6":2,"7":2,"8":2,"9":2,"10":2,"11":2,"12":0,"13":0,"14":0,"15":0,"16":0,"17":0,"18":0,"19":0,"20":0,"21":0,"22":0,"23":0,"24":0,"25":0,"26":0,"27":0,"28":0,"29":0,"30":0,"31":0,"32":0,"33":0,"34":0,"35":0,"36":0,"37":0,"38":0,"39":0,"40":0,"41":0,"42":0,"43":0,"44":0,"45":0,"46":0,"47":0,"48":2,"49":0,"50":2,"51":0,"52":2,"53":0,"54":0,"55":2,"56":0,"57":0,"58":0,"59":0,"60":0,"61":0,"62":0,"63":2},"f":{"0":2,"1":2,"2":0,"3":0,"4":0,"5":0,"6":0,"7":0,"8":0,"9":0,"10":0,"11":0,"12":0,"13":0,"14":0,"15":0,"16":0,"17":0,"18":0,"19":0,"20":0,"21":0,"22":0,"23":0,"24":0,"25":0,"26":0,"27":0,"28":0},"b":{"0":[0,0],"1":[0,0],"2":[0,2],"3":[0,0],"4":[0,0],"5":[0,0],"6":[0,0],"7":[0,0],"8":[0,0],"9":[0,0],"10":[0,0],"11":[0,0]},"_coverageSchema":"1a1c01bbd47fc00a2c39e90264f33305004495a9","hash":"3960453082159be0779d93a224b1a9ee7635b473"}
}
